Files already downloaded and verified
Files already downloaded and verified
Using r18
Train Epoch: 1 [0/45000 (0%)]	Loss: 7.215853
Train Epoch: 1 [640/45000 (1%)]	Loss: 3.219601
Train Epoch: 1 [1280/45000 (3%)]	Loss: 2.014998
Train Epoch: 1 [1920/45000 (4%)]	Loss: 1.775708
Train Epoch: 1 [2560/45000 (6%)]	Loss: 1.905793
Train Epoch: 1 [3200/45000 (7%)]	Loss: 1.999606
Train Epoch: 1 [3840/45000 (9%)]	Loss: 2.030308
Train Epoch: 1 [4480/45000 (10%)]	Loss: 1.777160
Train Epoch: 1 [5120/45000 (11%)]	Loss: 1.732827
Train Epoch: 1 [5760/45000 (13%)]	Loss: 1.525424
Train Epoch: 1 [6400/45000 (14%)]	Loss: 1.565531
Train Epoch: 1 [7040/45000 (16%)]	Loss: 2.004423
Train Epoch: 1 [7680/45000 (17%)]	Loss: 1.679590
Train Epoch: 1 [8320/45000 (18%)]	Loss: 1.830902
Train Epoch: 1 [8960/45000 (20%)]	Loss: 1.581023
Train Epoch: 1 [9600/45000 (21%)]	Loss: 1.600632
Train Epoch: 1 [10240/45000 (23%)]	Loss: 1.774748
Train Epoch: 1 [10880/45000 (24%)]	Loss: 1.735171
Train Epoch: 1 [11520/45000 (26%)]	Loss: 1.815347
Train Epoch: 1 [12160/45000 (27%)]	Loss: 1.586564
Train Epoch: 1 [12800/45000 (28%)]	Loss: 1.692760
Train Epoch: 1 [13440/45000 (30%)]	Loss: 1.744237
Train Epoch: 1 [14080/45000 (31%)]	Loss: 1.323243
Train Epoch: 1 [14720/45000 (33%)]	Loss: 1.644056
Train Epoch: 1 [15360/45000 (34%)]	Loss: 2.011130
Train Epoch: 1 [16000/45000 (36%)]	Loss: 1.338309
Train Epoch: 1 [16640/45000 (37%)]	Loss: 1.782214
Train Epoch: 1 [17280/45000 (38%)]	Loss: 1.558906
Train Epoch: 1 [17920/45000 (40%)]	Loss: 1.514069
Train Epoch: 1 [18560/45000 (41%)]	Loss: 1.629461
Train Epoch: 1 [19200/45000 (43%)]	Loss: 1.511302
Train Epoch: 1 [19840/45000 (44%)]	Loss: 1.532182
Train Epoch: 1 [20480/45000 (45%)]	Loss: 1.429045
Train Epoch: 1 [21120/45000 (47%)]	Loss: 1.518460
Train Epoch: 1 [21760/45000 (48%)]	Loss: 1.411161
Train Epoch: 1 [22400/45000 (50%)]	Loss: 1.556895
Train Epoch: 1 [23040/45000 (51%)]	Loss: 1.816431
Train Epoch: 1 [23680/45000 (53%)]	Loss: 1.463760
Train Epoch: 1 [24320/45000 (54%)]	Loss: 1.490693
Train Epoch: 1 [24960/45000 (55%)]	Loss: 1.658945
Train Epoch: 1 [25600/45000 (57%)]	Loss: 1.367099
Train Epoch: 1 [26240/45000 (58%)]	Loss: 1.329417
Train Epoch: 1 [26880/45000 (60%)]	Loss: 1.404265
Train Epoch: 1 [27520/45000 (61%)]	Loss: 1.559061
Train Epoch: 1 [28160/45000 (62%)]	Loss: 1.307802
Train Epoch: 1 [28800/45000 (64%)]	Loss: 1.368402
Train Epoch: 1 [29440/45000 (65%)]	Loss: 1.602334
Train Epoch: 1 [30080/45000 (67%)]	Loss: 1.466278
Train Epoch: 1 [30720/45000 (68%)]	Loss: 1.572175
Train Epoch: 1 [31360/45000 (70%)]	Loss: 1.504093
Train Epoch: 1 [32000/45000 (71%)]	Loss: 1.340592
Train Epoch: 1 [32640/45000 (72%)]	Loss: 1.205838
Train Epoch: 1 [33280/45000 (74%)]	Loss: 1.451853
Train Epoch: 1 [33920/45000 (75%)]	Loss: 1.431301
Train Epoch: 1 [34560/45000 (77%)]	Loss: 1.293920
Train Epoch: 1 [35200/45000 (78%)]	Loss: 1.239279
Train Epoch: 1 [35840/45000 (80%)]	Loss: 1.463141
Train Epoch: 1 [36480/45000 (81%)]	Loss: 1.319993
Train Epoch: 1 [37120/45000 (82%)]	Loss: 1.325031
Train Epoch: 1 [37760/45000 (84%)]	Loss: 1.309661
Train Epoch: 1 [38400/45000 (85%)]	Loss: 1.260927
Train Epoch: 1 [39040/45000 (87%)]	Loss: 1.393625
Train Epoch: 1 [39680/45000 (88%)]	Loss: 1.730189
Train Epoch: 1 [40320/45000 (89%)]	Loss: 1.575903
Train Epoch: 1 [40960/45000 (91%)]	Loss: 1.284134
Train Epoch: 1 [41600/45000 (92%)]	Loss: 1.157646
Train Epoch: 1 [42240/45000 (94%)]	Loss: 1.291657
Train Epoch: 1 [42880/45000 (95%)]	Loss: 1.276763
Train Epoch: 1 [43520/45000 (97%)]	Loss: 1.433969
Train Epoch: 1 [44160/45000 (98%)]	Loss: 1.363468
Train Epoch: 1 [44800/45000 (99%)]	Loss: 1.307452

Validation set: Average loss: 1.3370, Accuracy: 2684/5000 (54%)

Train Epoch: 2 [0/45000 (0%)]	Loss: 1.174005
Train Epoch: 2 [640/45000 (1%)]	Loss: 1.259852
Train Epoch: 2 [1280/45000 (3%)]	Loss: 1.192315
Train Epoch: 2 [1920/45000 (4%)]	Loss: 1.185995
Train Epoch: 2 [2560/45000 (6%)]	Loss: 1.194628
Train Epoch: 2 [3200/45000 (7%)]	Loss: 1.559656
Train Epoch: 2 [3840/45000 (9%)]	Loss: 1.131789
Train Epoch: 2 [4480/45000 (10%)]	Loss: 1.159161
Train Epoch: 2 [5120/45000 (11%)]	Loss: 1.284611
Train Epoch: 2 [5760/45000 (13%)]	Loss: 1.347083
Train Epoch: 2 [6400/45000 (14%)]	Loss: 1.231272
Train Epoch: 2 [7040/45000 (16%)]	Loss: 1.361940
Train Epoch: 2 [7680/45000 (17%)]	Loss: 1.265404
Train Epoch: 2 [8320/45000 (18%)]	Loss: 1.119024
Train Epoch: 2 [8960/45000 (20%)]	Loss: 1.214335
Train Epoch: 2 [9600/45000 (21%)]	Loss: 1.419131
Train Epoch: 2 [10240/45000 (23%)]	Loss: 1.024949
Train Epoch: 2 [10880/45000 (24%)]	Loss: 1.098054
Train Epoch: 2 [11520/45000 (26%)]	Loss: 1.075185
Train Epoch: 2 [12160/45000 (27%)]	Loss: 1.074322
Train Epoch: 2 [12800/45000 (28%)]	Loss: 1.180398
Train Epoch: 2 [13440/45000 (30%)]	Loss: 1.028225
Train Epoch: 2 [14080/45000 (31%)]	Loss: 1.254430
Train Epoch: 2 [14720/45000 (33%)]	Loss: 1.033509
Train Epoch: 2 [15360/45000 (34%)]	Loss: 1.243172
Train Epoch: 2 [16000/45000 (36%)]	Loss: 1.166436
Train Epoch: 2 [16640/45000 (37%)]	Loss: 1.079420
Train Epoch: 2 [17280/45000 (38%)]	Loss: 1.203046
Train Epoch: 2 [17920/45000 (40%)]	Loss: 1.235975
Train Epoch: 2 [18560/45000 (41%)]	Loss: 1.362820
Train Epoch: 2 [19200/45000 (43%)]	Loss: 1.058378
Train Epoch: 2 [19840/45000 (44%)]	Loss: 1.269655
Train Epoch: 2 [20480/45000 (45%)]	Loss: 1.342842
Train Epoch: 2 [21120/45000 (47%)]	Loss: 1.113661
Train Epoch: 2 [21760/45000 (48%)]	Loss: 1.369637
Train Epoch: 2 [22400/45000 (50%)]	Loss: 1.197661
Train Epoch: 2 [23040/45000 (51%)]	Loss: 1.190111
Train Epoch: 2 [23680/45000 (53%)]	Loss: 1.196926
Train Epoch: 2 [24320/45000 (54%)]	Loss: 1.070581
Train Epoch: 2 [24960/45000 (55%)]	Loss: 1.493615
Train Epoch: 2 [25600/45000 (57%)]	Loss: 1.184911
Train Epoch: 2 [26240/45000 (58%)]	Loss: 1.314576
Train Epoch: 2 [26880/45000 (60%)]	Loss: 1.165416
Train Epoch: 2 [27520/45000 (61%)]	Loss: 1.163337
Train Epoch: 2 [28160/45000 (62%)]	Loss: 1.326444
Train Epoch: 2 [28800/45000 (64%)]	Loss: 0.965749
Train Epoch: 2 [29440/45000 (65%)]	Loss: 1.241816
Train Epoch: 2 [30080/45000 (67%)]	Loss: 0.954251
Train Epoch: 2 [30720/45000 (68%)]	Loss: 1.265617
Train Epoch: 2 [31360/45000 (70%)]	Loss: 1.139008
Train Epoch: 2 [32000/45000 (71%)]	Loss: 1.434376
Train Epoch: 2 [32640/45000 (72%)]	Loss: 1.254396
Train Epoch: 2 [33280/45000 (74%)]	Loss: 1.150668
Train Epoch: 2 [33920/45000 (75%)]	Loss: 0.993360
Train Epoch: 2 [34560/45000 (77%)]	Loss: 1.260943
Train Epoch: 2 [35200/45000 (78%)]	Loss: 1.113534
Train Epoch: 2 [35840/45000 (80%)]	Loss: 1.189403
Train Epoch: 2 [36480/45000 (81%)]	Loss: 1.239606
Train Epoch: 2 [37120/45000 (82%)]	Loss: 1.398167
Train Epoch: 2 [37760/45000 (84%)]	Loss: 0.976834
Train Epoch: 2 [38400/45000 (85%)]	Loss: 1.187686
Train Epoch: 2 [39040/45000 (87%)]	Loss: 1.175855
Train Epoch: 2 [39680/45000 (88%)]	Loss: 0.861852
Train Epoch: 2 [40320/45000 (89%)]	Loss: 0.951520
Train Epoch: 2 [40960/45000 (91%)]	Loss: 0.937330
Train Epoch: 2 [41600/45000 (92%)]	Loss: 0.858095
Train Epoch: 2 [42240/45000 (94%)]	Loss: 1.304176
Train Epoch: 2 [42880/45000 (95%)]	Loss: 0.969523
Train Epoch: 2 [43520/45000 (97%)]	Loss: 1.130661
Train Epoch: 2 [44160/45000 (98%)]	Loss: 0.980081
Train Epoch: 2 [44800/45000 (99%)]	Loss: 1.544056

Validation set: Average loss: 1.0888, Accuracy: 3092/5000 (62%)

Train Epoch: 3 [0/45000 (0%)]	Loss: 1.199617
Train Epoch: 3 [640/45000 (1%)]	Loss: 1.041371
Train Epoch: 3 [1280/45000 (3%)]	Loss: 0.966484
Train Epoch: 3 [1920/45000 (4%)]	Loss: 1.028169
Train Epoch: 3 [2560/45000 (6%)]	Loss: 0.982951
Train Epoch: 3 [3200/45000 (7%)]	Loss: 0.817913
Train Epoch: 3 [3840/45000 (9%)]	Loss: 0.834829
Train Epoch: 3 [4480/45000 (10%)]	Loss: 0.971920
Train Epoch: 3 [5120/45000 (11%)]	Loss: 0.654666
Train Epoch: 3 [5760/45000 (13%)]	Loss: 1.083605
Train Epoch: 3 [6400/45000 (14%)]	Loss: 1.342298
Train Epoch: 3 [7040/45000 (16%)]	Loss: 0.979759
Train Epoch: 3 [7680/45000 (17%)]	Loss: 0.978974
Train Epoch: 3 [8320/45000 (18%)]	Loss: 1.058952
Train Epoch: 3 [8960/45000 (20%)]	Loss: 0.962212
Train Epoch: 3 [9600/45000 (21%)]	Loss: 0.914505
Train Epoch: 3 [10240/45000 (23%)]	Loss: 1.051142
Train Epoch: 3 [10880/45000 (24%)]	Loss: 0.752535
Train Epoch: 3 [11520/45000 (26%)]	Loss: 0.636600
Train Epoch: 3 [12160/45000 (27%)]	Loss: 0.974265
Train Epoch: 3 [12800/45000 (28%)]	Loss: 0.932780
Train Epoch: 3 [13440/45000 (30%)]	Loss: 1.061232
Train Epoch: 3 [14080/45000 (31%)]	Loss: 0.799938
Train Epoch: 3 [14720/45000 (33%)]	Loss: 1.000159
Train Epoch: 3 [15360/45000 (34%)]	Loss: 1.088418
Train Epoch: 3 [16000/45000 (36%)]	Loss: 1.132138
Train Epoch: 3 [16640/45000 (37%)]	Loss: 1.078574
Train Epoch: 3 [17280/45000 (38%)]	Loss: 0.864630
Train Epoch: 3 [17920/45000 (40%)]	Loss: 1.090547
Train Epoch: 3 [18560/45000 (41%)]	Loss: 0.753134
Train Epoch: 3 [19200/45000 (43%)]	Loss: 0.870986
Train Epoch: 3 [19840/45000 (44%)]	Loss: 0.901670
Train Epoch: 3 [20480/45000 (45%)]	Loss: 1.010348
Train Epoch: 3 [21120/45000 (47%)]	Loss: 1.014290
Train Epoch: 3 [21760/45000 (48%)]	Loss: 1.027399
Train Epoch: 3 [22400/45000 (50%)]	Loss: 1.129416
Train Epoch: 3 [23040/45000 (51%)]	Loss: 1.308091
Train Epoch: 3 [23680/45000 (53%)]	Loss: 1.117693
Train Epoch: 3 [24320/45000 (54%)]	Loss: 1.014800
Train Epoch: 3 [24960/45000 (55%)]	Loss: 0.928617
Train Epoch: 3 [25600/45000 (57%)]	Loss: 0.951241
Train Epoch: 3 [26240/45000 (58%)]	Loss: 0.978145
Train Epoch: 3 [26880/45000 (60%)]	Loss: 1.027436
Train Epoch: 3 [27520/45000 (61%)]	Loss: 1.009761
Train Epoch: 3 [28160/45000 (62%)]	Loss: 0.989404
Train Epoch: 3 [28800/45000 (64%)]	Loss: 1.167256
Train Epoch: 3 [29440/45000 (65%)]	Loss: 1.033591
Train Epoch: 3 [30080/45000 (67%)]	Loss: 1.293353
Train Epoch: 3 [30720/45000 (68%)]	Loss: 0.714947
Train Epoch: 3 [31360/45000 (70%)]	Loss: 0.917518
Train Epoch: 3 [32000/45000 (71%)]	Loss: 1.001372
Train Epoch: 3 [32640/45000 (72%)]	Loss: 0.670707
Train Epoch: 3 [33280/45000 (74%)]	Loss: 0.857946
Train Epoch: 3 [33920/45000 (75%)]	Loss: 0.839361
Train Epoch: 3 [34560/45000 (77%)]	Loss: 1.335941
Train Epoch: 3 [35200/45000 (78%)]	Loss: 0.614051
Train Epoch: 3 [35840/45000 (80%)]	Loss: 0.761365
Train Epoch: 3 [36480/45000 (81%)]	Loss: 1.030072
Train Epoch: 3 [37120/45000 (82%)]	Loss: 0.933093
Train Epoch: 3 [37760/45000 (84%)]	Loss: 1.179181
Train Epoch: 3 [38400/45000 (85%)]	Loss: 0.818237
Train Epoch: 3 [39040/45000 (87%)]	Loss: 0.906498
Train Epoch: 3 [39680/45000 (88%)]	Loss: 0.888075
Train Epoch: 3 [40320/45000 (89%)]	Loss: 1.046773
Train Epoch: 3 [40960/45000 (91%)]	Loss: 1.123431
Train Epoch: 3 [41600/45000 (92%)]	Loss: 1.006546
Train Epoch: 3 [42240/45000 (94%)]	Loss: 0.855203
Train Epoch: 3 [42880/45000 (95%)]	Loss: 0.986115
Train Epoch: 3 [43520/45000 (97%)]	Loss: 1.063315
Train Epoch: 3 [44160/45000 (98%)]	Loss: 1.020079
Train Epoch: 3 [44800/45000 (99%)]	Loss: 1.100196

Validation set: Average loss: 1.0483, Accuracy: 3193/5000 (64%)

Train Epoch: 4 [0/45000 (0%)]	Loss: 0.796122
Train Epoch: 4 [640/45000 (1%)]	Loss: 0.759038
Train Epoch: 4 [1280/45000 (3%)]	Loss: 0.579379
Train Epoch: 4 [1920/45000 (4%)]	Loss: 0.907425
Train Epoch: 4 [2560/45000 (6%)]	Loss: 0.905698
Train Epoch: 4 [3200/45000 (7%)]	Loss: 0.630375
Train Epoch: 4 [3840/45000 (9%)]	Loss: 0.775284
Train Epoch: 4 [4480/45000 (10%)]	Loss: 0.758424
Train Epoch: 4 [5120/45000 (11%)]	Loss: 0.693884
Train Epoch: 4 [5760/45000 (13%)]	Loss: 0.748342
Train Epoch: 4 [6400/45000 (14%)]	Loss: 0.524984
Train Epoch: 4 [7040/45000 (16%)]	Loss: 0.726295
Train Epoch: 4 [7680/45000 (17%)]	Loss: 0.842981
Train Epoch: 4 [8320/45000 (18%)]	Loss: 0.893432
Train Epoch: 4 [8960/45000 (20%)]	Loss: 0.870918
Train Epoch: 4 [9600/45000 (21%)]	Loss: 0.739523
Train Epoch: 4 [10240/45000 (23%)]	Loss: 1.027216
Train Epoch: 4 [10880/45000 (24%)]	Loss: 0.879523
Train Epoch: 4 [11520/45000 (26%)]	Loss: 0.739391
Train Epoch: 4 [12160/45000 (27%)]	Loss: 0.755944
Train Epoch: 4 [12800/45000 (28%)]	Loss: 0.742352
Train Epoch: 4 [13440/45000 (30%)]	Loss: 0.651906
Train Epoch: 4 [14080/45000 (31%)]	Loss: 0.855349
Train Epoch: 4 [14720/45000 (33%)]	Loss: 0.637587
Train Epoch: 4 [15360/45000 (34%)]	Loss: 0.732506
Train Epoch: 4 [16000/45000 (36%)]	Loss: 0.606492
Train Epoch: 4 [16640/45000 (37%)]	Loss: 0.615625
Train Epoch: 4 [17280/45000 (38%)]	Loss: 0.680866
Train Epoch: 4 [17920/45000 (40%)]	Loss: 0.737728
Train Epoch: 4 [18560/45000 (41%)]	Loss: 0.862055
Train Epoch: 4 [19200/45000 (43%)]	Loss: 0.911183
Train Epoch: 4 [19840/45000 (44%)]	Loss: 0.765222
Train Epoch: 4 [20480/45000 (45%)]	Loss: 0.876380
Train Epoch: 4 [21120/45000 (47%)]	Loss: 0.622704
Train Epoch: 4 [21760/45000 (48%)]	Loss: 0.740169
Train Epoch: 4 [22400/45000 (50%)]	Loss: 0.820831
Train Epoch: 4 [23040/45000 (51%)]	Loss: 0.593344
Train Epoch: 4 [23680/45000 (53%)]	Loss: 0.814747
Train Epoch: 4 [24320/45000 (54%)]	Loss: 0.700390
Train Epoch: 4 [24960/45000 (55%)]	Loss: 0.811278
Train Epoch: 4 [25600/45000 (57%)]	Loss: 0.830787
Train Epoch: 4 [26240/45000 (58%)]	Loss: 0.818037
Train Epoch: 4 [26880/45000 (60%)]	Loss: 0.688462
Train Epoch: 4 [27520/45000 (61%)]	Loss: 0.713521
Train Epoch: 4 [28160/45000 (62%)]	Loss: 0.915927
Train Epoch: 4 [28800/45000 (64%)]	Loss: 0.836813
Train Epoch: 4 [29440/45000 (65%)]	Loss: 0.772735
Train Epoch: 4 [30080/45000 (67%)]	Loss: 0.947063
Train Epoch: 4 [30720/45000 (68%)]	Loss: 0.709442
Train Epoch: 4 [31360/45000 (70%)]	Loss: 0.597984
Train Epoch: 4 [32000/45000 (71%)]	Loss: 0.823476
Train Epoch: 4 [32640/45000 (72%)]	Loss: 0.834598
Train Epoch: 4 [33280/45000 (74%)]	Loss: 0.904949
Train Epoch: 4 [33920/45000 (75%)]	Loss: 0.498103
Train Epoch: 4 [34560/45000 (77%)]	Loss: 0.828979
Train Epoch: 4 [35200/45000 (78%)]	Loss: 0.767090
Train Epoch: 4 [35840/45000 (80%)]	Loss: 0.598477
Train Epoch: 4 [36480/45000 (81%)]	Loss: 0.811940
Train Epoch: 4 [37120/45000 (82%)]	Loss: 0.710328
Train Epoch: 4 [37760/45000 (84%)]	Loss: 0.897377
Train Epoch: 4 [38400/45000 (85%)]	Loss: 0.605405
Train Epoch: 4 [39040/45000 (87%)]	Loss: 0.759504
Train Epoch: 4 [39680/45000 (88%)]	Loss: 0.895337
Train Epoch: 4 [40320/45000 (89%)]	Loss: 0.905217
Train Epoch: 4 [40960/45000 (91%)]	Loss: 0.841642
Train Epoch: 4 [41600/45000 (92%)]	Loss: 0.820661
Train Epoch: 4 [42240/45000 (94%)]	Loss: 0.761231
Train Epoch: 4 [42880/45000 (95%)]	Loss: 0.852998
Train Epoch: 4 [43520/45000 (97%)]	Loss: 0.782305
Train Epoch: 4 [44160/45000 (98%)]	Loss: 0.666405
Train Epoch: 4 [44800/45000 (99%)]	Loss: 0.944573

Validation set: Average loss: 0.9475, Accuracy: 3370/5000 (67%)

Train Epoch: 5 [0/45000 (0%)]	Loss: 0.502753
Train Epoch: 5 [640/45000 (1%)]	Loss: 0.562913
Train Epoch: 5 [1280/45000 (3%)]	Loss: 0.898134
Train Epoch: 5 [1920/45000 (4%)]	Loss: 0.639382
Train Epoch: 5 [2560/45000 (6%)]	Loss: 0.586892
Train Epoch: 5 [3200/45000 (7%)]	Loss: 0.572621
Train Epoch: 5 [3840/45000 (9%)]	Loss: 0.557755
Train Epoch: 5 [4480/45000 (10%)]	Loss: 0.402987
Train Epoch: 5 [5120/45000 (11%)]	Loss: 0.642115
Train Epoch: 5 [5760/45000 (13%)]	Loss: 0.578247
Train Epoch: 5 [6400/45000 (14%)]	Loss: 0.682397
Train Epoch: 5 [7040/45000 (16%)]	Loss: 0.565068
Train Epoch: 5 [7680/45000 (17%)]	Loss: 0.508042
Train Epoch: 5 [8320/45000 (18%)]	Loss: 0.584237
Train Epoch: 5 [8960/45000 (20%)]	Loss: 0.614511
Train Epoch: 5 [9600/45000 (21%)]	Loss: 0.646965
Train Epoch: 5 [10240/45000 (23%)]	Loss: 0.679164
Train Epoch: 5 [10880/45000 (24%)]	Loss: 0.662057
Train Epoch: 5 [11520/45000 (26%)]	Loss: 0.508210
Train Epoch: 5 [12160/45000 (27%)]	Loss: 0.735439
Train Epoch: 5 [12800/45000 (28%)]	Loss: 0.811114
Train Epoch: 5 [13440/45000 (30%)]	Loss: 0.618707
Train Epoch: 5 [14080/45000 (31%)]	Loss: 0.753514
Train Epoch: 5 [14720/45000 (33%)]	Loss: 0.476444
Train Epoch: 5 [15360/45000 (34%)]	Loss: 0.671439
Train Epoch: 5 [16000/45000 (36%)]	Loss: 0.831614
Train Epoch: 5 [16640/45000 (37%)]	Loss: 0.657815
Train Epoch: 5 [17280/45000 (38%)]	Loss: 0.675053
Train Epoch: 5 [17920/45000 (40%)]	Loss: 0.697730
Train Epoch: 5 [18560/45000 (41%)]	Loss: 0.842828
Train Epoch: 5 [19200/45000 (43%)]	Loss: 0.523525
Train Epoch: 5 [19840/45000 (44%)]	Loss: 0.690612
Train Epoch: 5 [20480/45000 (45%)]	Loss: 0.511597
Train Epoch: 5 [21120/45000 (47%)]	Loss: 0.588188
Train Epoch: 5 [21760/45000 (48%)]	Loss: 0.777203
Train Epoch: 5 [22400/45000 (50%)]	Loss: 0.875373
Train Epoch: 5 [23040/45000 (51%)]	Loss: 0.730238
Train Epoch: 5 [23680/45000 (53%)]	Loss: 0.652617
Train Epoch: 5 [24320/45000 (54%)]	Loss: 0.759971
Train Epoch: 5 [24960/45000 (55%)]	Loss: 0.743912
Train Epoch: 5 [25600/45000 (57%)]	Loss: 0.724271
Train Epoch: 5 [26240/45000 (58%)]	Loss: 0.666866
Train Epoch: 5 [26880/45000 (60%)]	Loss: 0.623849
Train Epoch: 5 [27520/45000 (61%)]	Loss: 0.629639
Train Epoch: 5 [28160/45000 (62%)]	Loss: 0.549017
Train Epoch: 5 [28800/45000 (64%)]	Loss: 0.668954
Train Epoch: 5 [29440/45000 (65%)]	Loss: 0.853897
Train Epoch: 5 [30080/45000 (67%)]	Loss: 0.790787
Train Epoch: 5 [30720/45000 (68%)]	Loss: 0.646426
Train Epoch: 5 [31360/45000 (70%)]	Loss: 0.569477
Train Epoch: 5 [32000/45000 (71%)]	Loss: 0.618732
Train Epoch: 5 [32640/45000 (72%)]	Loss: 0.530041
Train Epoch: 5 [33280/45000 (74%)]	Loss: 1.088273
Train Epoch: 5 [33920/45000 (75%)]	Loss: 0.534811
Train Epoch: 5 [34560/45000 (77%)]	Loss: 0.592297
Train Epoch: 5 [35200/45000 (78%)]	Loss: 0.757190
Train Epoch: 5 [35840/45000 (80%)]	Loss: 0.661527
Train Epoch: 5 [36480/45000 (81%)]	Loss: 0.535343
Train Epoch: 5 [37120/45000 (82%)]	Loss: 0.682260
Train Epoch: 5 [37760/45000 (84%)]	Loss: 0.814364
Train Epoch: 5 [38400/45000 (85%)]	Loss: 0.895860
Train Epoch: 5 [39040/45000 (87%)]	Loss: 0.563599
Train Epoch: 5 [39680/45000 (88%)]	Loss: 0.713370
Train Epoch: 5 [40320/45000 (89%)]	Loss: 0.700476
Train Epoch: 5 [40960/45000 (91%)]	Loss: 0.610865
Train Epoch: 5 [41600/45000 (92%)]	Loss: 0.846189
Train Epoch: 5 [42240/45000 (94%)]	Loss: 0.937019
Train Epoch: 5 [42880/45000 (95%)]	Loss: 0.848938
Train Epoch: 5 [43520/45000 (97%)]	Loss: 0.609204
Train Epoch: 5 [44160/45000 (98%)]	Loss: 0.720953
Train Epoch: 5 [44800/45000 (99%)]	Loss: 0.517545

Validation set: Average loss: 0.9707, Accuracy: 3375/5000 (68%)


Test set: Average loss: 0.9845, Accuracy: 6750/10000 (68%)

