Files already downloaded and verified
Files already downloaded and verified
Using r18
Train Epoch: 1 [0/45000 (0%)]	Loss: 7.357219
Train Epoch: 1 [640/45000 (1%)]	Loss: 3.733384
Train Epoch: 1 [1280/45000 (3%)]	Loss: 2.241198
Train Epoch: 1 [1920/45000 (4%)]	Loss: 2.140487
Train Epoch: 1 [2560/45000 (6%)]	Loss: 1.900650
Train Epoch: 1 [3200/45000 (7%)]	Loss: 2.130542
Train Epoch: 1 [3840/45000 (9%)]	Loss: 1.982074
Train Epoch: 1 [4480/45000 (10%)]	Loss: 1.921580
Train Epoch: 1 [5120/45000 (11%)]	Loss: 1.915479
Train Epoch: 1 [5760/45000 (13%)]	Loss: 1.741895
Train Epoch: 1 [6400/45000 (14%)]	Loss: 2.002507
Train Epoch: 1 [7040/45000 (16%)]	Loss: 1.834569
Train Epoch: 1 [7680/45000 (17%)]	Loss: 1.698967
Train Epoch: 1 [8320/45000 (18%)]	Loss: 1.901262
Train Epoch: 1 [8960/45000 (20%)]	Loss: 1.884601
Train Epoch: 1 [9600/45000 (21%)]	Loss: 1.850569
Train Epoch: 1 [10240/45000 (23%)]	Loss: 1.948319
Train Epoch: 1 [10880/45000 (24%)]	Loss: 1.491609
Train Epoch: 1 [11520/45000 (26%)]	Loss: 1.888897
Train Epoch: 1 [12160/45000 (27%)]	Loss: 1.987187
Train Epoch: 1 [12800/45000 (28%)]	Loss: 1.824422
Train Epoch: 1 [13440/45000 (30%)]	Loss: 1.791594
Train Epoch: 1 [14080/45000 (31%)]	Loss: 1.811507
Train Epoch: 1 [14720/45000 (33%)]	Loss: 1.835182
Train Epoch: 1 [15360/45000 (34%)]	Loss: 1.774021
Train Epoch: 1 [16000/45000 (36%)]	Loss: 1.855706
Train Epoch: 1 [16640/45000 (37%)]	Loss: 1.848555
Train Epoch: 1 [17280/45000 (38%)]	Loss: 1.710614
Train Epoch: 1 [17920/45000 (40%)]	Loss: 2.004681
Train Epoch: 1 [18560/45000 (41%)]	Loss: 1.781500
Train Epoch: 1 [19200/45000 (43%)]	Loss: 1.720467
Train Epoch: 1 [19840/45000 (44%)]	Loss: 1.833832
Train Epoch: 1 [20480/45000 (45%)]	Loss: 1.774025
Train Epoch: 1 [21120/45000 (47%)]	Loss: 1.751269
Train Epoch: 1 [21760/45000 (48%)]	Loss: 1.697053
Train Epoch: 1 [22400/45000 (50%)]	Loss: 1.650311
Train Epoch: 1 [23040/45000 (51%)]	Loss: 1.823015
Train Epoch: 1 [23680/45000 (53%)]	Loss: 2.033384
Train Epoch: 1 [24320/45000 (54%)]	Loss: 1.809064
Train Epoch: 1 [24960/45000 (55%)]	Loss: 1.516999
Train Epoch: 1 [25600/45000 (57%)]	Loss: 1.788241
Train Epoch: 1 [26240/45000 (58%)]	Loss: 1.907287
Train Epoch: 1 [26880/45000 (60%)]	Loss: 1.763565
Train Epoch: 1 [27520/45000 (61%)]	Loss: 1.719286
Train Epoch: 1 [28160/45000 (62%)]	Loss: 1.618229
Train Epoch: 1 [28800/45000 (64%)]	Loss: 1.668478
Train Epoch: 1 [29440/45000 (65%)]	Loss: 1.676399
Train Epoch: 1 [30080/45000 (67%)]	Loss: 1.711873
Train Epoch: 1 [30720/45000 (68%)]	Loss: 1.665360
Train Epoch: 1 [31360/45000 (70%)]	Loss: 1.830099
Train Epoch: 1 [32000/45000 (71%)]	Loss: 1.530679
Train Epoch: 1 [32640/45000 (72%)]	Loss: 1.652732
Train Epoch: 1 [33280/45000 (74%)]	Loss: 1.772266
Train Epoch: 1 [33920/45000 (75%)]	Loss: 1.590454
Train Epoch: 1 [34560/45000 (77%)]	Loss: 1.829297
Train Epoch: 1 [35200/45000 (78%)]	Loss: 1.717610
Train Epoch: 1 [35840/45000 (80%)]	Loss: 1.796840
Train Epoch: 1 [36480/45000 (81%)]	Loss: 1.805760
Train Epoch: 1 [37120/45000 (82%)]	Loss: 1.649601
Train Epoch: 1 [37760/45000 (84%)]	Loss: 1.889508
Train Epoch: 1 [38400/45000 (85%)]	Loss: 1.525769
Train Epoch: 1 [39040/45000 (87%)]	Loss: 1.709090
Train Epoch: 1 [39680/45000 (88%)]	Loss: 1.758986
Train Epoch: 1 [40320/45000 (89%)]	Loss: 1.738452
Train Epoch: 1 [40960/45000 (91%)]	Loss: 1.688231
Train Epoch: 1 [41600/45000 (92%)]	Loss: 1.772417
Train Epoch: 1 [42240/45000 (94%)]	Loss: 1.658423
Train Epoch: 1 [42880/45000 (95%)]	Loss: 1.864218
Train Epoch: 1 [43520/45000 (97%)]	Loss: 1.834653
Train Epoch: 1 [44160/45000 (98%)]	Loss: 1.528747
Train Epoch: 1 [44800/45000 (99%)]	Loss: 1.492650

Validation set: Average loss: 1.8066, Accuracy: 1814/5000 (36%)

Train Epoch: 2 [0/45000 (0%)]	Loss: 1.561746
Train Epoch: 2 [640/45000 (1%)]	Loss: 1.738576
Train Epoch: 2 [1280/45000 (3%)]	Loss: 1.554293
Train Epoch: 2 [1920/45000 (4%)]	Loss: 1.599527
Train Epoch: 2 [2560/45000 (6%)]	Loss: 1.800120
Train Epoch: 2 [3200/45000 (7%)]	Loss: 1.664204
Train Epoch: 2 [3840/45000 (9%)]	Loss: 1.652540
Train Epoch: 2 [4480/45000 (10%)]	Loss: 1.510423
Train Epoch: 2 [5120/45000 (11%)]	Loss: 1.506595
Train Epoch: 2 [5760/45000 (13%)]	Loss: 1.602411
Train Epoch: 2 [6400/45000 (14%)]	Loss: 1.596705
Train Epoch: 2 [7040/45000 (16%)]	Loss: 1.591407
Train Epoch: 2 [7680/45000 (17%)]	Loss: 1.667392
Train Epoch: 2 [8320/45000 (18%)]	Loss: 1.651799
Train Epoch: 2 [8960/45000 (20%)]	Loss: 1.486873
Train Epoch: 2 [9600/45000 (21%)]	Loss: 1.794503
Train Epoch: 2 [10240/45000 (23%)]	Loss: 1.882680
Train Epoch: 2 [10880/45000 (24%)]	Loss: 1.601165
Train Epoch: 2 [11520/45000 (26%)]	Loss: 1.501271
Train Epoch: 2 [12160/45000 (27%)]	Loss: 1.592874
Train Epoch: 2 [12800/45000 (28%)]	Loss: 1.410079
Train Epoch: 2 [13440/45000 (30%)]	Loss: 1.717126
Train Epoch: 2 [14080/45000 (31%)]	Loss: 1.648535
Train Epoch: 2 [14720/45000 (33%)]	Loss: 1.757692
Train Epoch: 2 [15360/45000 (34%)]	Loss: 1.485054
Train Epoch: 2 [16000/45000 (36%)]	Loss: 1.667826
Train Epoch: 2 [16640/45000 (37%)]	Loss: 1.489229
Train Epoch: 2 [17280/45000 (38%)]	Loss: 1.720628
Train Epoch: 2 [17920/45000 (40%)]	Loss: 1.585971
Train Epoch: 2 [18560/45000 (41%)]	Loss: 1.557733
Train Epoch: 2 [19200/45000 (43%)]	Loss: 1.568583
Train Epoch: 2 [19840/45000 (44%)]	Loss: 1.505370
Train Epoch: 2 [20480/45000 (45%)]	Loss: 1.595129
Train Epoch: 2 [21120/45000 (47%)]	Loss: 1.450263
Train Epoch: 2 [21760/45000 (48%)]	Loss: 1.579807
Train Epoch: 2 [22400/45000 (50%)]	Loss: 1.423072
Train Epoch: 2 [23040/45000 (51%)]	Loss: 1.413094
Train Epoch: 2 [23680/45000 (53%)]	Loss: 1.510582
Train Epoch: 2 [24320/45000 (54%)]	Loss: 1.468544
Train Epoch: 2 [24960/45000 (55%)]	Loss: 1.646598
Train Epoch: 2 [25600/45000 (57%)]	Loss: 1.596458
Train Epoch: 2 [26240/45000 (58%)]	Loss: 1.287876
Train Epoch: 2 [26880/45000 (60%)]	Loss: 1.472844
Train Epoch: 2 [27520/45000 (61%)]	Loss: 1.689056
Train Epoch: 2 [28160/45000 (62%)]	Loss: 1.682942
Train Epoch: 2 [28800/45000 (64%)]	Loss: 1.598563
Train Epoch: 2 [29440/45000 (65%)]	Loss: 1.543710
Train Epoch: 2 [30080/45000 (67%)]	Loss: 1.395495
Train Epoch: 2 [30720/45000 (68%)]	Loss: 1.390161
Train Epoch: 2 [31360/45000 (70%)]	Loss: 1.583324
Train Epoch: 2 [32000/45000 (71%)]	Loss: 1.587653
Train Epoch: 2 [32640/45000 (72%)]	Loss: 1.662864
Train Epoch: 2 [33280/45000 (74%)]	Loss: 1.427511
Train Epoch: 2 [33920/45000 (75%)]	Loss: 1.547417
Train Epoch: 2 [34560/45000 (77%)]	Loss: 1.410837
Train Epoch: 2 [35200/45000 (78%)]	Loss: 1.509940
Train Epoch: 2 [35840/45000 (80%)]	Loss: 1.466785
Train Epoch: 2 [36480/45000 (81%)]	Loss: 1.505728
Train Epoch: 2 [37120/45000 (82%)]	Loss: 1.481720
Train Epoch: 2 [37760/45000 (84%)]	Loss: 1.580827
Train Epoch: 2 [38400/45000 (85%)]	Loss: 1.374655
Train Epoch: 2 [39040/45000 (87%)]	Loss: 1.778228
Train Epoch: 2 [39680/45000 (88%)]	Loss: 1.288993
Train Epoch: 2 [40320/45000 (89%)]	Loss: 1.339862
Train Epoch: 2 [40960/45000 (91%)]	Loss: 1.697840
Train Epoch: 2 [41600/45000 (92%)]	Loss: 1.477735
Train Epoch: 2 [42240/45000 (94%)]	Loss: 1.468144
Train Epoch: 2 [42880/45000 (95%)]	Loss: 1.347122
Train Epoch: 2 [43520/45000 (97%)]	Loss: 1.427397
Train Epoch: 2 [44160/45000 (98%)]	Loss: 1.501868
Train Epoch: 2 [44800/45000 (99%)]	Loss: 1.410033

Validation set: Average loss: 1.4680, Accuracy: 2340/5000 (47%)

Train Epoch: 3 [0/45000 (0%)]	Loss: 1.266482
Train Epoch: 3 [640/45000 (1%)]	Loss: 1.570766
Train Epoch: 3 [1280/45000 (3%)]	Loss: 1.659005
Train Epoch: 3 [1920/45000 (4%)]	Loss: 1.736118
Train Epoch: 3 [2560/45000 (6%)]	Loss: 1.262129
Train Epoch: 3 [3200/45000 (7%)]	Loss: 1.361974
Train Epoch: 3 [3840/45000 (9%)]	Loss: 1.469121
Train Epoch: 3 [4480/45000 (10%)]	Loss: 1.265242
Train Epoch: 3 [5120/45000 (11%)]	Loss: 1.453643
Train Epoch: 3 [5760/45000 (13%)]	Loss: 1.498514
Train Epoch: 3 [6400/45000 (14%)]	Loss: 1.635246
Train Epoch: 3 [7040/45000 (16%)]	Loss: 1.493361
Train Epoch: 3 [7680/45000 (17%)]	Loss: 1.470765
Train Epoch: 3 [8320/45000 (18%)]	Loss: 1.569303
Train Epoch: 3 [8960/45000 (20%)]	Loss: 1.573438
Train Epoch: 3 [9600/45000 (21%)]	Loss: 1.266027
Train Epoch: 3 [10240/45000 (23%)]	Loss: 1.291530
Train Epoch: 3 [10880/45000 (24%)]	Loss: 1.326448
Train Epoch: 3 [11520/45000 (26%)]	Loss: 1.305370
Train Epoch: 3 [12160/45000 (27%)]	Loss: 1.558052
Train Epoch: 3 [12800/45000 (28%)]	Loss: 1.482362
Train Epoch: 3 [13440/45000 (30%)]	Loss: 1.375148
Train Epoch: 3 [14080/45000 (31%)]	Loss: 1.213000
Train Epoch: 3 [14720/45000 (33%)]	Loss: 1.485707
Train Epoch: 3 [15360/45000 (34%)]	Loss: 1.357192
Train Epoch: 3 [16000/45000 (36%)]	Loss: 1.319809
Train Epoch: 3 [16640/45000 (37%)]	Loss: 1.438348
Train Epoch: 3 [17280/45000 (38%)]	Loss: 1.363939
Train Epoch: 3 [17920/45000 (40%)]	Loss: 1.357906
Train Epoch: 3 [18560/45000 (41%)]	Loss: 1.290768
Train Epoch: 3 [19200/45000 (43%)]	Loss: 1.450797
Train Epoch: 3 [19840/45000 (44%)]	Loss: 1.254711
Train Epoch: 3 [20480/45000 (45%)]	Loss: 1.205273
Train Epoch: 3 [21120/45000 (47%)]	Loss: 1.351832
Train Epoch: 3 [21760/45000 (48%)]	Loss: 1.184308
Train Epoch: 3 [22400/45000 (50%)]	Loss: 1.349221
Train Epoch: 3 [23040/45000 (51%)]	Loss: 1.566701
Train Epoch: 3 [23680/45000 (53%)]	Loss: 1.393514
Train Epoch: 3 [24320/45000 (54%)]	Loss: 1.475165
Train Epoch: 3 [24960/45000 (55%)]	Loss: 1.444432
Train Epoch: 3 [25600/45000 (57%)]	Loss: 1.116513
Train Epoch: 3 [26240/45000 (58%)]	Loss: 1.243572
Train Epoch: 3 [26880/45000 (60%)]	Loss: 1.233376
Train Epoch: 3 [27520/45000 (61%)]	Loss: 1.657134
Train Epoch: 3 [28160/45000 (62%)]	Loss: 1.332507
Train Epoch: 3 [28800/45000 (64%)]	Loss: 1.324404
Train Epoch: 3 [29440/45000 (65%)]	Loss: 1.285479
Train Epoch: 3 [30080/45000 (67%)]	Loss: 1.249407
Train Epoch: 3 [30720/45000 (68%)]	Loss: 1.459656
Train Epoch: 3 [31360/45000 (70%)]	Loss: 1.404847
Train Epoch: 3 [32000/45000 (71%)]	Loss: 1.415125
Train Epoch: 3 [32640/45000 (72%)]	Loss: 1.346210
Train Epoch: 3 [33280/45000 (74%)]	Loss: 1.440503
Train Epoch: 3 [33920/45000 (75%)]	Loss: 1.336531
Train Epoch: 3 [34560/45000 (77%)]	Loss: 1.488184
Train Epoch: 3 [35200/45000 (78%)]	Loss: 1.210168
Train Epoch: 3 [35840/45000 (80%)]	Loss: 1.493554
Train Epoch: 3 [36480/45000 (81%)]	Loss: 1.250599
Train Epoch: 3 [37120/45000 (82%)]	Loss: 1.297621
Train Epoch: 3 [37760/45000 (84%)]	Loss: 1.500634
Train Epoch: 3 [38400/45000 (85%)]	Loss: 1.224020
Train Epoch: 3 [39040/45000 (87%)]	Loss: 1.223682
Train Epoch: 3 [39680/45000 (88%)]	Loss: 1.387676
Train Epoch: 3 [40320/45000 (89%)]	Loss: 1.341245
Train Epoch: 3 [40960/45000 (91%)]	Loss: 1.472867
Train Epoch: 3 [41600/45000 (92%)]	Loss: 1.407528
Train Epoch: 3 [42240/45000 (94%)]	Loss: 1.245283
Train Epoch: 3 [42880/45000 (95%)]	Loss: 1.375512
Train Epoch: 3 [43520/45000 (97%)]	Loss: 1.478963
Train Epoch: 3 [44160/45000 (98%)]	Loss: 1.264231
Train Epoch: 3 [44800/45000 (99%)]	Loss: 1.576737

Validation set: Average loss: 1.3556, Accuracy: 2561/5000 (51%)

Train Epoch: 4 [0/45000 (0%)]	Loss: 1.205126
Train Epoch: 4 [640/45000 (1%)]	Loss: 1.297729
Train Epoch: 4 [1280/45000 (3%)]	Loss: 1.541869
Train Epoch: 4 [1920/45000 (4%)]	Loss: 1.416105
Train Epoch: 4 [2560/45000 (6%)]	Loss: 1.177905
Train Epoch: 4 [3200/45000 (7%)]	Loss: 1.245052
Train Epoch: 4 [3840/45000 (9%)]	Loss: 1.630277
Train Epoch: 4 [4480/45000 (10%)]	Loss: 1.371954
Train Epoch: 4 [5120/45000 (11%)]	Loss: 1.473117
Train Epoch: 4 [5760/45000 (13%)]	Loss: 1.340658
Train Epoch: 4 [6400/45000 (14%)]	Loss: 1.197369
Train Epoch: 4 [7040/45000 (16%)]	Loss: 1.222495
Train Epoch: 4 [7680/45000 (17%)]	Loss: 1.279920
Train Epoch: 4 [8320/45000 (18%)]	Loss: 1.263122
Train Epoch: 4 [8960/45000 (20%)]	Loss: 1.206436
Train Epoch: 4 [9600/45000 (21%)]	Loss: 1.283598
Train Epoch: 4 [10240/45000 (23%)]	Loss: 1.298251
Train Epoch: 4 [10880/45000 (24%)]	Loss: 1.329731
Train Epoch: 4 [11520/45000 (26%)]	Loss: 1.196626
Train Epoch: 4 [12160/45000 (27%)]	Loss: 1.345645
Train Epoch: 4 [12800/45000 (28%)]	Loss: 1.456106
Train Epoch: 4 [13440/45000 (30%)]	Loss: 1.660992
Train Epoch: 4 [14080/45000 (31%)]	Loss: 1.162917
Train Epoch: 4 [14720/45000 (33%)]	Loss: 1.409775
Train Epoch: 4 [15360/45000 (34%)]	Loss: 1.657894
Train Epoch: 4 [16000/45000 (36%)]	Loss: 1.365957
Train Epoch: 4 [16640/45000 (37%)]	Loss: 1.383066
Train Epoch: 4 [17280/45000 (38%)]	Loss: 1.218146
Train Epoch: 4 [17920/45000 (40%)]	Loss: 1.176710
Train Epoch: 4 [18560/45000 (41%)]	Loss: 1.408164
Train Epoch: 4 [19200/45000 (43%)]	Loss: 1.365936
Train Epoch: 4 [19840/45000 (44%)]	Loss: 1.542909
Train Epoch: 4 [20480/45000 (45%)]	Loss: 1.204207
Train Epoch: 4 [21120/45000 (47%)]	Loss: 1.340676
Train Epoch: 4 [21760/45000 (48%)]	Loss: 1.169791
Train Epoch: 4 [22400/45000 (50%)]	Loss: 1.008217
Train Epoch: 4 [23040/45000 (51%)]	Loss: 1.605259
Train Epoch: 4 [23680/45000 (53%)]	Loss: 1.231088
Train Epoch: 4 [24320/45000 (54%)]	Loss: 1.069681
Train Epoch: 4 [24960/45000 (55%)]	Loss: 1.242773
Train Epoch: 4 [25600/45000 (57%)]	Loss: 1.241926
Train Epoch: 4 [26240/45000 (58%)]	Loss: 1.136831
Train Epoch: 4 [26880/45000 (60%)]	Loss: 1.540114
Train Epoch: 4 [27520/45000 (61%)]	Loss: 1.165448
Train Epoch: 4 [28160/45000 (62%)]	Loss: 1.177796
Train Epoch: 4 [28800/45000 (64%)]	Loss: 1.263909
Train Epoch: 4 [29440/45000 (65%)]	Loss: 1.458678
Train Epoch: 4 [30080/45000 (67%)]	Loss: 1.264339
Train Epoch: 4 [30720/45000 (68%)]	Loss: 1.236409
Train Epoch: 4 [31360/45000 (70%)]	Loss: 1.264685
Train Epoch: 4 [32000/45000 (71%)]	Loss: 1.304722
Train Epoch: 4 [32640/45000 (72%)]	Loss: 1.295724
Train Epoch: 4 [33280/45000 (74%)]	Loss: 1.296529
Train Epoch: 4 [33920/45000 (75%)]	Loss: 1.217700
Train Epoch: 4 [34560/45000 (77%)]	Loss: 1.199505
Train Epoch: 4 [35200/45000 (78%)]	Loss: 1.415327
Train Epoch: 4 [35840/45000 (80%)]	Loss: 1.015965
Train Epoch: 4 [36480/45000 (81%)]	Loss: 1.194120
Train Epoch: 4 [37120/45000 (82%)]	Loss: 1.409167
Train Epoch: 4 [37760/45000 (84%)]	Loss: 1.432498
Train Epoch: 4 [38400/45000 (85%)]	Loss: 1.262987
Train Epoch: 4 [39040/45000 (87%)]	Loss: 1.214893
Train Epoch: 4 [39680/45000 (88%)]	Loss: 1.205322
Train Epoch: 4 [40320/45000 (89%)]	Loss: 1.230686
Train Epoch: 4 [40960/45000 (91%)]	Loss: 1.187567
Train Epoch: 4 [41600/45000 (92%)]	Loss: 1.078225
Train Epoch: 4 [42240/45000 (94%)]	Loss: 1.418783
Train Epoch: 4 [42880/45000 (95%)]	Loss: 1.486349
Train Epoch: 4 [43520/45000 (97%)]	Loss: 1.140731
Train Epoch: 4 [44160/45000 (98%)]	Loss: 1.136428
Train Epoch: 4 [44800/45000 (99%)]	Loss: 1.189400

Validation set: Average loss: 1.3243, Accuracy: 2716/5000 (54%)

Train Epoch: 5 [0/45000 (0%)]	Loss: 1.198956
Train Epoch: 5 [640/45000 (1%)]	Loss: 1.358022
Train Epoch: 5 [1280/45000 (3%)]	Loss: 1.316828
Train Epoch: 5 [1920/45000 (4%)]	Loss: 1.219093
Train Epoch: 5 [2560/45000 (6%)]	Loss: 1.213356
Train Epoch: 5 [3200/45000 (7%)]	Loss: 1.206724
Train Epoch: 5 [3840/45000 (9%)]	Loss: 1.433951
Train Epoch: 5 [4480/45000 (10%)]	Loss: 1.150180
Train Epoch: 5 [5120/45000 (11%)]	Loss: 1.146691
Train Epoch: 5 [5760/45000 (13%)]	Loss: 1.298918
Train Epoch: 5 [6400/45000 (14%)]	Loss: 1.092890
Train Epoch: 5 [7040/45000 (16%)]	Loss: 0.919911
Train Epoch: 5 [7680/45000 (17%)]	Loss: 1.201074
Train Epoch: 5 [8320/45000 (18%)]	Loss: 1.549087
Train Epoch: 5 [8960/45000 (20%)]	Loss: 1.249778
Train Epoch: 5 [9600/45000 (21%)]	Loss: 0.950376
Train Epoch: 5 [10240/45000 (23%)]	Loss: 1.401503
Train Epoch: 5 [10880/45000 (24%)]	Loss: 0.954798
Train Epoch: 5 [11520/45000 (26%)]	Loss: 1.319749
Train Epoch: 5 [12160/45000 (27%)]	Loss: 1.391504
Train Epoch: 5 [12800/45000 (28%)]	Loss: 1.290296
Train Epoch: 5 [13440/45000 (30%)]	Loss: 1.146670
Train Epoch: 5 [14080/45000 (31%)]	Loss: 1.000507
Train Epoch: 5 [14720/45000 (33%)]	Loss: 1.044068
Train Epoch: 5 [15360/45000 (34%)]	Loss: 0.963152
Train Epoch: 5 [16000/45000 (36%)]	Loss: 1.128440
Train Epoch: 5 [16640/45000 (37%)]	Loss: 1.060397
Train Epoch: 5 [17280/45000 (38%)]	Loss: 1.205819
Train Epoch: 5 [17920/45000 (40%)]	Loss: 1.377247
Train Epoch: 5 [18560/45000 (41%)]	Loss: 1.384259
Train Epoch: 5 [19200/45000 (43%)]	Loss: 1.278669
Train Epoch: 5 [19840/45000 (44%)]	Loss: 1.145143
Train Epoch: 5 [20480/45000 (45%)]	Loss: 1.215615
Train Epoch: 5 [21120/45000 (47%)]	Loss: 1.139916
Train Epoch: 5 [21760/45000 (48%)]	Loss: 1.116577
Train Epoch: 5 [22400/45000 (50%)]	Loss: 1.045433
Train Epoch: 5 [23040/45000 (51%)]	Loss: 1.122752
Train Epoch: 5 [23680/45000 (53%)]	Loss: 1.177527
Train Epoch: 5 [24320/45000 (54%)]	Loss: 1.095856
Train Epoch: 5 [24960/45000 (55%)]	Loss: 1.274672
Train Epoch: 5 [25600/45000 (57%)]	Loss: 1.056103
Train Epoch: 5 [26240/45000 (58%)]	Loss: 1.056245
Train Epoch: 5 [26880/45000 (60%)]	Loss: 1.131315
Train Epoch: 5 [27520/45000 (61%)]	Loss: 1.329566
Train Epoch: 5 [28160/45000 (62%)]	Loss: 1.183227
Train Epoch: 5 [28800/45000 (64%)]	Loss: 0.865509
Train Epoch: 5 [29440/45000 (65%)]	Loss: 1.234448
Train Epoch: 5 [30080/45000 (67%)]	Loss: 1.041154
Train Epoch: 5 [30720/45000 (68%)]	Loss: 1.197961
Train Epoch: 5 [31360/45000 (70%)]	Loss: 1.272075
Train Epoch: 5 [32000/45000 (71%)]	Loss: 1.005709
Train Epoch: 5 [32640/45000 (72%)]	Loss: 1.072148
Train Epoch: 5 [33280/45000 (74%)]	Loss: 1.103535
Train Epoch: 5 [33920/45000 (75%)]	Loss: 1.099281
Train Epoch: 5 [34560/45000 (77%)]	Loss: 1.220020
Train Epoch: 5 [35200/45000 (78%)]	Loss: 1.151047
Train Epoch: 5 [35840/45000 (80%)]	Loss: 1.275274
Train Epoch: 5 [36480/45000 (81%)]	Loss: 1.224616
Train Epoch: 5 [37120/45000 (82%)]	Loss: 1.302261
Train Epoch: 5 [37760/45000 (84%)]	Loss: 1.130597
Train Epoch: 5 [38400/45000 (85%)]	Loss: 1.217273
Train Epoch: 5 [39040/45000 (87%)]	Loss: 1.232411
Train Epoch: 5 [39680/45000 (88%)]	Loss: 0.973383
Train Epoch: 5 [40320/45000 (89%)]	Loss: 1.123579
Train Epoch: 5 [40960/45000 (91%)]	Loss: 1.300587
Train Epoch: 5 [41600/45000 (92%)]	Loss: 1.305895
Train Epoch: 5 [42240/45000 (94%)]	Loss: 0.964602
Train Epoch: 5 [42880/45000 (95%)]	Loss: 1.008470
Train Epoch: 5 [43520/45000 (97%)]	Loss: 1.044089
Train Epoch: 5 [44160/45000 (98%)]	Loss: 1.212461
Train Epoch: 5 [44800/45000 (99%)]	Loss: 1.285922

Validation set: Average loss: 1.2765, Accuracy: 2756/5000 (55%)


Test set: Average loss: 1.2912, Accuracy: 5470/10000 (55%)

